<?xml version="1.0" encoding="UTF-8"?>
<testsuite xmlns:xsi="http://www.w3.org/2001/XMLSchema-instance" xsi:noNamespaceSchemaLocation="https://maven.apache.org/surefire/maven-surefire-plugin/xsd/surefire-test-report-3.0.xsd" version="3.0" name="com.acciojobsshopping.backend.Accio.shopping.Website.Backend.AccioShoppingWebsiteBackendApplicationTests" time="11.525" tests="1" errors="0" skipped="0" failures="0">
  <properties>
[...]
</properties>
  <testcase name="contextLoads" classname="com.acciojobsshopping.backend.Accio.shopping.Website.Backend.AccioShoppingWebsiteBackendApplicationTests" time="0.885">
    <system-out><![CDATA[15:07:37.493 [main] INFO org.springframework.test.context.support.AnnotationConfigContextLoaderUtils -- Could not detect default configuration classes for test class [com.acciojobsshopping.backend.Accio.shopping.Website.Backend.AccioShoppingWebsiteBackendApplicationTests]: AccioShoppingWebsiteBackendApplicationTests does not declare any static, non-private, non-final, nested classes annotated with @Configuration.
15:07:37.679 [main] INFO org.springframework.boot.test.context.SpringBootTestContextBootstrapper -- Found @SpringBootConfiguration com.acciojobsshopping.backend.Accio.shopping.Website.Backend.AccioShoppingWebsiteBackendApplication for test class com.acciojobsshopping.backend.Accio.shopping.Website.Backend.AccioShoppingWebsiteBackendApplicationTests

  .   ____          _            __ _ _
 /\\ / ___'_ __ _ _(_)_ __  __ _ \ \ \ \
( ( )\___ | '_ | '_| | '_ \/ _` | \ \ \ \
 \\/  ___)| |_)| | | | | || (_| |  ) ) ) )
  '  |____| .__|_| |_|_| |_\__, | / / / /
 =========|_|==============|___/=/_/_/_/
 :: Spring Boot ::                (v3.2.0)

2023-12-19T15:07:38.284+05:30  INFO 16316 --- [           main] ioShoppingWebsiteBackendApplicationTests : Starting AccioShoppingWebsiteBackendApplicationTests using Java 19.0.2 with PID 16316 (started by ASUS in D:\Assign\Accio-shopping-Website-Backend)
2023-12-19T15:07:38.285+05:30  INFO 16316 --- [           main] ioShoppingWebsiteBackendApplicationTests : The following 1 profile is active: "dev"
2023-12-19T15:07:39.802+05:30  INFO 16316 --- [           main] .s.d.r.c.RepositoryConfigurationDelegate : Bootstrapping Spring Data JPA repositories in DEFAULT mode.
2023-12-19T15:07:39.914+05:30  INFO 16316 --- [           main] .s.d.r.c.RepositoryConfigurationDelegate : Finished Spring Data repository scanning in 100 ms. Found 4 JPA repository interfaces.
2023-12-19T15:07:40.713+05:30  INFO 16316 --- [           main] com.zaxxer.hikari.HikariDataSource       : HikariPool-1 - Starting...
2023-12-19T15:07:41.400+05:30  INFO 16316 --- [           main] com.zaxxer.hikari.pool.HikariPool        : HikariPool-1 - Added connection com.mysql.cj.jdbc.ConnectionImpl@1ee40b5c
2023-12-19T15:07:41.403+05:30  INFO 16316 --- [           main] com.zaxxer.hikari.HikariDataSource       : HikariPool-1 - Start completed.
2023-12-19T15:07:41.566+05:30  INFO 16316 --- [           main] o.hibernate.jpa.internal.util.LogHelper  : HHH000204: Processing PersistenceUnitInfo [name: default]
2023-12-19T15:07:41.841+05:30  INFO 16316 --- [           main] org.hibernate.Version                    : HHH000412: Hibernate ORM core version 6.3.1.Final
2023-12-19T15:07:41.983+05:30  INFO 16316 --- [           main] o.h.c.internal.RegionFactoryInitiator    : HHH000026: Second-level cache disabled
2023-12-19T15:07:42.655+05:30  INFO 16316 --- [           main] o.s.o.j.p.SpringPersistenceUnitInfo      : No LoadTimeWeaver setup: ignoring JPA class transformer
2023-12-19T15:07:42.808+05:30  WARN 16316 --- [           main] org.hibernate.orm.deprecation            : HHH90000025: MySQL8Dialect does not need to be specified explicitly using 'hibernate.dialect' (remove the property setting and it will be selected by default)
2023-12-19T15:07:42.810+05:30  WARN 16316 --- [           main] org.hibernate.orm.deprecation            : HHH90000026: MySQL8Dialect has been deprecated; use org.hibernate.dialect.MySQLDialect instead
2023-12-19T15:07:44.765+05:30  INFO 16316 --- [           main] o.h.e.t.j.p.i.JtaPlatformInitiator       : HHH000489: No JTA platform available (set 'hibernate.transaction.jta.platform' to enable JTA platform integration)
2023-12-19T15:07:44.944+05:30  INFO 16316 --- [           main] j.LocalContainerEntityManagerFactoryBean : Initialized JPA EntityManagerFactory for persistence unit 'default'
2023-12-19T15:07:45.509+05:30  INFO 16316 --- [           main] o.s.d.j.r.query.QueryEnhancerFactory     : Hibernate is in classpath; If applicable, HQL parser will be used.
2023-12-19T15:07:46.167+05:30  WARN 16316 --- [           main] JpaBaseConfiguration$JpaWebConfiguration : spring.jpa.open-in-view is enabled by default. Therefore, database queries may be performed during view rendering. Explicitly configure spring.jpa.open-in-view to disable this warning
2023-12-19T15:07:47.832+05:30  INFO 16316 --- [           main] ioShoppingWebsiteBackendApplicationTests : Started AccioShoppingWebsiteBackendApplicationTests in 9.932 seconds (process running for 11.479)
]]></system-out>
  </testcase>
</testsuite>